<?xml version="1.0" encoding="UTF-8"?>
<!-- Generated by org.testng.reporters.JUnitXMLReporter -->
<testsuite ignored="0" hostname="DESKTOP-7N2FVN0" failures="0" tests="0" time="0.017" errors="0" timestamp="2020-07-28T21:27:06 IST">
  <testcase classname="Academy.validateNavigationBar" name="@BeforeTest initialize" time="0.007">
    <failure type="java.lang.NullPointerException">
      <![CDATA[java.lang.NullPointerException
at resources.BaseClass.initializeDriver(BaseClass.java:36)
at Academy.validateNavigationBar.initialize(validateNavigationBar.java:27)
at java.base/java.util.concurrent.FutureTask.run(FutureTask.java:264)
at java.base/java.util.concurrent.ThreadPoolExecutor.runWorker(ThreadPoolExecutor.java:1130)
at java.base/java.util.concurrent.ThreadPoolExecutor$Worker.run(ThreadPoolExecutor.java:630)
at java.base/java.lang.Thread.run(Thread.java:832)
... Removed 15 stack frames]]>
    </failure>
  </testcase> <!-- @BeforeTest initialize -->
</testsuite>
